d:\project\qt\qpaintertest\qpaintertest\sln_applicationmodules\hgtmainwindow\debug\vc140.pdb
d:\project\qt\qpaintertest\qpaintertest\sln_applicationmodules\hgtmainwindow\debug\vc140.idb
d:\project\qt\qpaintertest\qpaintertest\sln_applicationmodules\hgtmainwindow\debug\arrow.obj
d:\project\qt\qpaintertest\qpaintertest\sln_applicationmodules\hgtmainwindow\debug\diagramitem.obj
d:\project\qt\qpaintertest\qpaintertest\sln_applicationmodules\hgtmainwindow\debug\diagramitemdata.obj
d:\project\qt\qpaintertest\qpaintertest\sln_applicationmodules\hgtmainwindow\debug\diagramscene.obj
d:\project\qt\qpaintertest\qpaintertest\sln_applicationmodules\hgtmainwindow\debug\diagramtextitem.obj
d:\project\qt\qpaintertest\qpaintertest\sln_applicationmodules\hgtmainwindow\debug\diagramview.obj
d:\project\qt\qpaintertest\qpaintertest\sln_applicationmodules\hgtmainwindow\debug\main.obj
d:\project\qt\qpaintertest\qpaintertest\sln_applicationmodules\hgtmainwindow\debug\mainwindow.obj
d:\project\qt\qpaintertest\qpaintertest\sln_applicationmodules\hgtmainwindow\debug\moc_diagrammenuitem.obj
d:\project\qt\qpaintertest\qpaintertest\sln_applicationmodules\hgtmainwindow\debug\moc_diagramscene.obj
d:\project\qt\qpaintertest\qpaintertest\sln_applicationmodules\hgtmainwindow\debug\moc_mainwindow.obj
d:\project\qt\qpaintertest\qpaintertest\sln_applicationmodules\hgtmainwindow\debug\utility.obj
d:\project\qt\qpaintertest\qpaintertest\sln_applicationmodules\hgtmainwindow\debug\diagrammenuitem.obj
d:\project\qt\qpaintertest\qpaintertest\sln_applicationmodules\hgtmainwindow\debug\ins.obj
d:\project\qt\qpaintertest\qpaintertest\sln_applicationmodules\hgtmainwindow\debug\uimgr.obj
d:\project\qt\qpaintertest\build\hgtmainwindow.ilk
d:\project\qt\qpaintertest\build\hgtmainwindow.exe
d:\project\qt\qpaintertest\build\hgtmainwindow.pdb
d:\project\qt\qpaintertest\qpaintertest\sln_applicationmodules\hgtmainwindow\debug\moc_diagramtextitem.obj
d:\project\qt\qpaintertest\qpaintertest\sln_applicationmodules\hgtmainwindow\debug\moc_widgetdropmenuitem.obj
d:\project\qt\qpaintertest\qpaintertest\sln_applicationmodules\hgtmainwindow\debug\widgetdropmenuitem.obj
d:\project\qt\qpaintertest\qpaintertest\sln_applicationmodules\hgtmainwindow\debug\mainwindow.obj.enc
d:\project\qt\qpaintertest\qpaintertest\..\build\hgtmainwindow.pdb
d:\project\qt\qpaintertest\qpaintertest\sln_applicationmodules\hgtmainwindow\debug\hgtmainwindow.tlog\cl.command.1.tlog
d:\project\qt\qpaintertest\qpaintertest\sln_applicationmodules\hgtmainwindow\debug\hgtmainwindow.tlog\cl.read.1.tlog
d:\project\qt\qpaintertest\qpaintertest\sln_applicationmodules\hgtmainwindow\debug\hgtmainwindow.tlog\cl.write.1.tlog
d:\project\qt\qpaintertest\qpaintertest\sln_applicationmodules\hgtmainwindow\debug\hgtmainwindow.tlog\link-cvtres.read.1.tlog
d:\project\qt\qpaintertest\qpaintertest\sln_applicationmodules\hgtmainwindow\debug\hgtmainwindow.tlog\link-cvtres.write.1.tlog
d:\project\qt\qpaintertest\qpaintertest\sln_applicationmodules\hgtmainwindow\debug\hgtmainwindow.tlog\link-rc.read.1.tlog
d:\project\qt\qpaintertest\qpaintertest\sln_applicationmodules\hgtmainwindow\debug\hgtmainwindow.tlog\link-rc.write.1.tlog
d:\project\qt\qpaintertest\qpaintertest\sln_applicationmodules\hgtmainwindow\debug\hgtmainwindow.tlog\link.17076-cvtres.read.1.tlog
d:\project\qt\qpaintertest\qpaintertest\sln_applicationmodules\hgtmainwindow\debug\hgtmainwindow.tlog\link.17076-cvtres.write.1.tlog
d:\project\qt\qpaintertest\qpaintertest\sln_applicationmodules\hgtmainwindow\debug\hgtmainwindow.tlog\link.17076-rc.read.1.tlog
d:\project\qt\qpaintertest\qpaintertest\sln_applicationmodules\hgtmainwindow\debug\hgtmainwindow.tlog\link.17076-rc.write.1.tlog
d:\project\qt\qpaintertest\qpaintertest\sln_applicationmodules\hgtmainwindow\debug\hgtmainwindow.tlog\link.17076.read.1.tlog
d:\project\qt\qpaintertest\qpaintertest\sln_applicationmodules\hgtmainwindow\debug\hgtmainwindow.tlog\link.17076.write.1.tlog
d:\project\qt\qpaintertest\qpaintertest\sln_applicationmodules\hgtmainwindow\debug\hgtmainwindow.tlog\link.command.1.tlog
d:\project\qt\qpaintertest\qpaintertest\sln_applicationmodules\hgtmainwindow\debug\hgtmainwindow.tlog\link.read.1.tlog
d:\project\qt\qpaintertest\qpaintertest\sln_applicationmodules\hgtmainwindow\debug\hgtmainwindow.tlog\link.write.1.tlog
